c:\users\midom\source\repos\generatormachine\machinedriverwrapper\x64\debug\machinedriverwrapper.pch
c:\users\midom\source\repos\generatormachine\machinedriverwrapper\x64\debug\vc143.pdb
c:\users\midom\source\repos\generatormachine\machinedriverwrapper\x64\debug\pch.obj
c:\users\midom\source\repos\generatormachine\machinedriverwrapper\x64\debug\machinedriverwrapper.obj
c:\users\midom\source\repos\generatormachine\machinedriverwrapper\x64\debug\assemblyinfo.obj
c:\users\midom\source\repos\generatormachine\machinedriverwrapper\x64\debug\.netframework,version=v4.7.2.assemblyattributes.obj
c:\users\midom\source\repos\generatormachine\x64\debug\machinedriverwrapper.dll
c:\users\midom\source\repos\generatormachine\x64\debug\machinedriverwrapper.pdb
c:\users\midom\source\repos\generatormachine\machinedriverwrapper\x64\debug\app.res
c:\users\midom\source\repos\generatormachine\machinedriverwrapper\x64\debug\machined.a594b2b7.tlog\cl.command.1.tlog
c:\users\midom\source\repos\generatormachine\machinedriverwrapper\x64\debug\machined.a594b2b7.tlog\cl.items.tlog
c:\users\midom\source\repos\generatormachine\machinedriverwrapper\x64\debug\machined.a594b2b7.tlog\cl.read.1.tlog
c:\users\midom\source\repos\generatormachine\machinedriverwrapper\x64\debug\machined.a594b2b7.tlog\cl.write.1.tlog
c:\users\midom\source\repos\generatormachine\machinedriverwrapper\x64\debug\machined.a594b2b7.tlog\link.command.1.tlog
c:\users\midom\source\repos\generatormachine\machinedriverwrapper\x64\debug\machined.a594b2b7.tlog\link.read.1.tlog
c:\users\midom\source\repos\generatormachine\machinedriverwrapper\x64\debug\machined.a594b2b7.tlog\link.secondary.1.tlog
c:\users\midom\source\repos\generatormachine\machinedriverwrapper\x64\debug\machined.a594b2b7.tlog\link.write.1.tlog
c:\users\midom\source\repos\generatormachine\machinedriverwrapper\x64\debug\machined.a594b2b7.tlog\metagen.read.1.tlog
c:\users\midom\source\repos\generatormachine\machinedriverwrapper\x64\debug\machined.a594b2b7.tlog\metagen.write.1.tlog
c:\users\midom\source\repos\generatormachine\machinedriverwrapper\x64\debug\machined.a594b2b7.tlog\rc.command.1.tlog
c:\users\midom\source\repos\generatormachine\machinedriverwrapper\x64\debug\machined.a594b2b7.tlog\rc.read.1.tlog
c:\users\midom\source\repos\generatormachine\machinedriverwrapper\x64\debug\machined.a594b2b7.tlog\rc.write.1.tlog
